#
# A fatal error has been detected by the Java Runtime Environment:
#
#  Internal Error (classFileParser.cpp:3174), pid=10545, tid=3067009904
#  Error: ShouldNotReachHere()
#
# JRE version: 6.0_20-b02
# Java VM: Java HotSpot(TM) Client VM (16.3-b01 mixed mode linux-x86 )
# If you would like to submit a bug report, please visit:
#   http://java.sun.com/webapps/bugreport/crash.jsp
#

---------------  T H R E A D  ---------------

Current thread (0x09c01800):  JavaThread "Unknown thread" [_thread_in_vm, id=10550, stack(0xb6c9d000,0xb6cee000)]

Stack: [0xb6c9d000,0xb6cee000],  sp=0xb6cec810,  free space=13eb6cee000k
Native frames: (J=compiled Java code, j=interpreted, Vv=VM code, C=native code)
V  [libjvm.so+0x417a22]
V  [libjvm.so+0x195bdf]
V  [libjvm.so+0x147dba]
V  [libjvm.so+0x14ddd1]
V  [libjvm.so+0x3b731f]
V  [libjvm.so+0x3b5585]
V  [libjvm.so+0x3b4446]
V  [libjvm.so+0x3b4100]
V  [libjvm.so+0x3b8a6a]
V  [libjvm.so+0x3b8afc]
V  [libjvm.so+0x3b8bc0]
V  [libjvm.so+0x3b89a9]
V  [libjvm.so+0x3f513a]
V  [libjvm.so+0x3f67bf]
V  [libjvm.so+0x1f3dec]
V  [libjvm.so+0x3e9ddd]
V  [libjvm.so+0x24b566]
C  [java+0x305c]
C  [java+0x1942]  JavaMain+0x72
C  [libpthread.so.0+0x596e]


---------------  P R O C E S S  ---------------

Java Threads: ( => current thread )

Other Threads:

=>0x09c01800 (exited) JavaThread "Unknown thread" [_thread_in_vm, id=10550, stack(0xb6c9d000,0xb6cee000)]

VM state:not at safepoint (not fully initialized)

VM Mutex/Monitor currently owned by a thread: None

Dynamic libraries:
08048000-08052000 r-xp 00000000 08:01 760772     /usr/lib/jvm/java-6-sun-1.6.0.20/jre/bin/java
08052000-08053000 rwxp 00009000 08:01 760772     /usr/lib/jvm/java-6-sun-1.6.0.20/jre/bin/java
09bfb000-09c62000 rwxp 00000000 00:00 0          [heap]
a0a1f000-a0a68000 r-xs 002cf000 08:01 1423104    /opt/android-sdk-linux_86/platforms/android-4/android.jar
a0a68000-a0a6f000 rwxp 00000000 00:00 0 
a0a6f000-a0a89000 rwxp 00000000 00:00 0 
a0a89000-a0a8f000 rwxp 00000000 00:00 0 
a0a8f000-a0adf000 rwxp 00000000 00:00 0 
a0adf000-a0ae2000 rwxp 00000000 00:00 0 
a0ae2000-a0b09000 rwxp 00000000 00:00 0 
a0b09000-a0b0f000 rwxp 00000000 00:00 0 
a0b0f000-a0b5f000 rwxp 00000000 00:00 0 
a0b5f000-a0b65000 rwxp 00000000 00:00 0 
a0b65000-a0b7f000 rwxp 00000000 00:00 0 
a0b7f000-a10d0000 rwxp 00000000 00:00 0 
a10d0000-a60d0000 rwxp 00000000 00:00 0 
a60d0000-a6b80000 rwxp 00000000 00:00 0 
a6b80000-b0b80000 rwxp 00000000 00:00 0 
b0b80000-b1780000 rwxp 00000000 00:00 0 
b1780000-b4b80000 rwxp 00000000 00:00 0 
b4b8f000-b4b90000 rwxp 00000000 00:00 0 
b4b90000-b4c0f000 rwxp 00000000 00:00 0 
b4c0f000-b4c3f000 rwxp 00000000 00:00 0 
b4c3f000-b6c0f000 rwxp 00000000 00:00 0 
b6c0f000-b6c1e000 r-xp 00000000 08:01 591133     /usr/lib/jvm/java-6-sun-1.6.0.20/jre/lib/i386/libzip.so
b6c1e000-b6c20000 rwxp 0000e000 08:01 591133     /usr/lib/jvm/java-6-sun-1.6.0.20/jre/lib/i386/libzip.so
b6c20000-b6c2a000 r-xp 00000000 08:01 722258     /lib/tls/i686/cmov/libnss_files-2.11.1.so
b6c2a000-b6c2b000 r-xp 00009000 08:01 722258     /lib/tls/i686/cmov/libnss_files-2.11.1.so
b6c2b000-b6c2c000 rwxp 0000a000 08:01 722258     /lib/tls/i686/cmov/libnss_files-2.11.1.so
b6c2c000-b6c34000 r-xp 00000000 08:01 722262     /lib/tls/i686/cmov/libnss_nis-2.11.1.so
b6c34000-b6c35000 r-xp 00007000 08:01 722262     /lib/tls/i686/cmov/libnss_nis-2.11.1.so
b6c35000-b6c36000 rwxp 00008000 08:01 722262     /lib/tls/i686/cmov/libnss_nis-2.11.1.so
b6c3f000-b6c47000 rwxs 00000000 08:01 1905348    /tmp/hsperfdata_bols/10545
b6c47000-b6c5a000 r-xp 00000000 08:01 722252     /lib/tls/i686/cmov/libnsl-2.11.1.so
b6c5a000-b6c5b000 r-xp 00012000 08:01 722252     /lib/tls/i686/cmov/libnsl-2.11.1.so
b6c5b000-b6c5c000 rwxp 00013000 08:01 722252     /lib/tls/i686/cmov/libnsl-2.11.1.so
b6c5c000-b6c5e000 rwxp 00000000 00:00 0 
b6c60000-b6c66000 r-xp 00000000 08:01 722254     /lib/tls/i686/cmov/libnss_compat-2.11.1.so
b6c66000-b6c67000 r-xp 00006000 08:01 722254     /lib/tls/i686/cmov/libnss_compat-2.11.1.so
b6c67000-b6c68000 rwxp 00007000 08:01 722254     /lib/tls/i686/cmov/libnss_compat-2.11.1.so
b6c68000-b6c6e000 r-xp 00000000 08:01 738427     /usr/lib/jvm/java-6-sun-1.6.0.20/jre/lib/i386/native_threads/libhpi.so
b6c6e000-b6c6f000 rwxp 00006000 08:01 738427     /usr/lib/jvm/java-6-sun-1.6.0.20/jre/lib/i386/native_threads/libhpi.so
b6c6f000-b6c92000 r-xp 00000000 08:01 591132     /usr/lib/jvm/java-6-sun-1.6.0.20/jre/lib/i386/libjava.so
b6c92000-b6c94000 rwxp 00023000 08:01 591132     /usr/lib/jvm/java-6-sun-1.6.0.20/jre/lib/i386/libjava.so
b6c94000-b6c9b000 r-xp 00000000 08:01 722417     /lib/tls/i686/cmov/librt-2.11.1.so
b6c9b000-b6c9c000 r-xp 00006000 08:01 722417     /lib/tls/i686/cmov/librt-2.11.1.so
b6c9c000-b6c9d000 rwxp 00007000 08:01 722417     /lib/tls/i686/cmov/librt-2.11.1.so
b6c9d000-b6ca0000 ---p 00000000 00:00 0 
b6ca0000-b6cee000 rwxp 00000000 00:00 0 
b6cee000-b6d12000 r-xp 00000000 08:01 722250     /lib/tls/i686/cmov/libm-2.11.1.so
b6d12000-b6d13000 r-xp 00023000 08:01 722250     /lib/tls/i686/cmov/libm-2.11.1.so
b6d13000-b6d14000 rwxp 00024000 08:01 722250     /lib/tls/i686/cmov/libm-2.11.1.so
b6d14000-b7197000 r-xp 00000000 08:01 760793     /usr/lib/jvm/java-6-sun-1.6.0.20/jre/lib/i386/client/libjvm.so
b7197000-b71b8000 rwxp 00483000 08:01 760793     /usr/lib/jvm/java-6-sun-1.6.0.20/jre/lib/i386/client/libjvm.so
b71b8000-b75d6000 rwxp 00000000 00:00 0 
b75d6000-b7729000 r-xp 00000000 08:01 722245     /lib/tls/i686/cmov/libc-2.11.1.so
b7729000-b772a000 ---p 00153000 08:01 722245     /lib/tls/i686/cmov/libc-2.11.1.so
b772a000-b772c000 r-xp 00153000 08:01 722245     /lib/tls/i686/cmov/libc-2.11.1.so
b772c000-b772d000 rwxp 00155000 08:01 722245     /lib/tls/i686/cmov/libc-2.11.1.so
b772d000-b7730000 rwxp 00000000 00:00 0 
b7730000-b7732000 r-xp 00000000 08:01 722249     /lib/tls/i686/cmov/libdl-2.11.1.so
b7732000-b7733000 r-xp 00001000 08:01 722249     /lib/tls/i686/cmov/libdl-2.11.1.so
b7733000-b7734000 rwxp 00002000 08:01 722249     /lib/tls/i686/cmov/libdl-2.11.1.so
b7734000-b773b000 r-xp 00000000 08:01 760796     /usr/lib/jvm/java-6-sun-1.6.0.20/jre/lib/i386/jli/libjli.so
b773b000-b773d000 rwxp 00006000 08:01 760796     /usr/lib/jvm/java-6-sun-1.6.0.20/jre/lib/i386/jli/libjli.so
b773d000-b7752000 r-xp 00000000 08:01 722415     /lib/tls/i686/cmov/libpthread-2.11.1.so
b7752000-b7753000 r-xp 00014000 08:01 722415     /lib/tls/i686/cmov/libpthread-2.11.1.so
b7753000-b7754000 rwxp 00015000 08:01 722415     /lib/tls/i686/cmov/libpthread-2.11.1.so
b7754000-b7757000 rwxp 00000000 00:00 0 
b775a000-b775b000 rwxp 00000000 00:00 0 
b775b000-b775c000 r-xp 00000000 00:00 0 
b775c000-b7767000 r-xp 00000000 08:01 591131     /usr/lib/jvm/java-6-sun-1.6.0.20/jre/lib/i386/libverify.so
b7767000-b7768000 rwxp 0000b000 08:01 591131     /usr/lib/jvm/java-6-sun-1.6.0.20/jre/lib/i386/libverify.so
b7768000-b776a000 rwxp 00000000 00:00 0 
b776a000-b776b000 r-xp 00000000 00:00 0          [vdso]
b776b000-b7786000 r-xp 00000000 08:01 703181     /lib/ld-2.11.1.so
b7786000-b7787000 r-xp 0001a000 08:01 703181     /lib/ld-2.11.1.so
b7787000-b7788000 rwxp 0001b000 08:01 703181     /lib/ld-2.11.1.so
bf8f4000-bf909000 rwxp 00000000 00:00 0          [stack]

VM Arguments:
jvm_args: -Dvce.launchers=org.eclipse.ve.internal.java.vce.launcher.remotevm.JFCLauncher -Dvce.launcher.class=jp.lnc.android.wakeup_unlock.WakeupUnlockActivity -Dfile.encoding=UTF-8 -Xbootclasspath:/opt/android-sdk-linux_86/platforms/android-4/android.jar 
java_command: org.eclipse.ve.internal.java.vce.launcher.remotevm.JavaBeansLauncher
Launcher Type: SUN_STANDARD

Environment Variables:
PATH=/usr/local/sbin:/usr/local/bin:/usr/sbin:/usr/bin:/sbin:/bin:/usr/games:/home/bols/Dropbox/bin/:/opt/android-sdk-linux_86/tools:/opt/android-sdk-linux_86/platform-tools/
USERNAME=bols
LD_LIBRARY_PATH=/usr/lib/jvm/java-6-sun-1.6.0.20/jre/lib/i386/client:/usr/lib/jvm/java-6-sun-1.6.0.20/jre/lib/i386:/usr/lib/jvm/java-6-sun-1.6.0.20/jre/../lib/i386:/usr/lib/jvm/java-6-openjdk/jre/lib/i386/client:/usr/lib/jvm/java-6-openjdk/jre/lib/i386:/usr/lib/xulrunner-addons:/usr/lib/xulrunner-addons:/usr/lib/xulrunner-addons:/usr/lib/xulrunner-addons:/usr/lib/xulrunner-addons
SHELL=/bin/bash
DISPLAY=:0.0

Signal Handlers:
SIGSEGV: [libjvm.so+0x418670], sa_mask[0]=0x7ffbfeff, sa_flags=0x10000004
SIGBUS: [libjvm.so+0x418670], sa_mask[0]=0x7ffbfeff, sa_flags=0x10000004
SIGFPE: [libjvm.so+0x33e070], sa_mask[0]=0x7ffbfeff, sa_flags=0x10000004
SIGPIPE: [libjvm.so+0x33e070], sa_mask[0]=0x7ffbfeff, sa_flags=0x10000004
SIGXFSZ: [libjvm.so+0x33e070], sa_mask[0]=0x7ffbfeff, sa_flags=0x10000004
SIGILL: [libjvm.so+0x33e070], sa_mask[0]=0x7ffbfeff, sa_flags=0x10000004
SIGUSR1: SIG_DFL, sa_mask[0]=0x00000000, sa_flags=0x00000000
SIGUSR2: [libjvm.so+0x340cb0], sa_mask[0]=0x00000004, sa_flags=0x10000004
SIGHUP: SIG_DFL, sa_mask[0]=0x00000000, sa_flags=0x00000000
SIGINT: SIG_DFL, sa_mask[0]=0x00000000, sa_flags=0x00000000
SIGTERM: SIG_DFL, sa_mask[0]=0x00000000, sa_flags=0x00000000
SIGQUIT: SIG_DFL, sa_mask[0]=0x00000000, sa_flags=0x00000000


---------------  S Y S T E M  ---------------

OS:squeeze/sid

uname:Linux 2.6.32-30-generic #59-Ubuntu SMP Tue Mar 1 21:30:21 UTC 2011 i686
libc:glibc 2.11.1 NPTL 2.11.1 
rlimit: STACK 8192k, CORE 0k, NPROC infinity, NOFILE 1024, AS infinity
load average:0.50 0.57 0.60

CPU:total 2 (2 cores per cpu, 1 threads per core) family 6 model 23 stepping 10, cmov, cx8, fxsr, mmx, sse, sse2, sse3, ssse3, sse4.1

Memory: 4k page, physical 1471800k(99588k free), swap 1951856k(1851728k free)

vm_info: Java HotSpot(TM) Client VM (16.3-b01) for linux-x86 JRE (1.6.0_20-b02), built on Apr 12 2010 14:15:08 by "java_re" with gcc 3.2.1-7a (J2SE release)

time: Sun Mar 20 15:59:12 2011
elapsed time: 0 seconds

